<?xml version="1.0" encoding="UTF-8"?>
<!-- Generated by org.testng.reporters.JUnitReportReporter -->
<testsuite skipped="0" hostname="LAPTOP-618V3I55" name="com.MlwalletScripts.JIRATest" tests="1" failures="0" timestamp="2022-09-05T18:01:01 IST" time="3.176" errors="0">
  <testcase name="jirs" time="3.176" classname="com.MlwalletScripts.JIRATest"/>
  <system-out/>
</testsuite> <!-- com.MlwalletScripts.JIRATest -->
